<?xml version="1.0" encoding="UTF-8"?>
<!-- Generated by org.testng.reporters.JUnitReportReporter -->
<testsuite hostname="Rakshi" failures="0" tests="2" name="prithiv.ApplicationTesting" time="0.000" errors="0" timestamp="2024-08-02T20:18:35 IST" skipped="2">
  <testcase classname="prithiv.ApplicationTesting" name="getOrderItem" time="0.000">
    <skipped/>
  </testcase> <!-- getOrderItem -->
  <system-out/>
  <testcase classname="prithiv.ApplicationTesting" name="ApplicationTesting" time="0.000">
    <skipped/>
  </testcase> <!-- ApplicationTesting -->
  <system-out/>
</testsuite> <!-- prithiv.ApplicationTesting -->
